{
  "stats": {
    "suites": 3,
    "tests": 22,
    "passes": 20,
    "pending": 0,
    "failures": 2,
    "start": "2018-09-22T14:21:23.662Z",
    "end": "2018-09-22T14:26:45.686Z",
    "duration": 322024,
    "testsRegistered": 22,
    "passPercent": 90.9,
    "pendingPercent": 0,
    "other": 0,
    "hasOther": false,
    "skipped": 0,
    "hasSkipped": false,
    "passPercentClass": "success",
    "pendingPercentClass": "danger"
  },
  "suites": {
    "uuid": "ea169c1a-60e1-4057-b056-c9643d0ba549",
    "title": "",
    "fullFile": "",
    "file": "",
    "beforeHooks": [],
    "afterHooks": [],
    "tests": [],
    "suites": [
      {
        "uuid": "a6ef0d57-9ee7-426d-bfca-fdefa662d00f",
        "title": "Student Insights",
        "fullFile": "",
        "file": "",
        "beforeHooks": [],
        "afterHooks": [],
        "tests": [],
        "suites": [
          {
            "uuid": "8607de9d-c742-4bec-830b-f95e1fc3a09f",
            "title": "A Principal",
            "fullFile": "",
            "file": "",
            "beforeHooks": [],
            "afterHooks": [],
            "tests": [
              {
                "title": "can log in",
                "fullTitle": "Student Insights A Principal can log in",
                "duration": 14105,
                "state": "passed",
                "speed": "slow",
                "pass": true,
                "fail": false,
                "pending": false,
                "code": "cy.url().should('contain', '/schools/1');",
                "err": {},
                "isRoot": false,
                "uuid": "a1e1b70c-c87d-4c5e-b465-012b4dcd2fe3",
                "isHook": false,
                "skipped": false
              },
              {
                "title": "can log out",
                "fullTitle": "Student Insights A Principal can log out",
                "duration": 13895,
                "state": "passed",
                "speed": "slow",
                "pass": true,
                "fail": false,
                "pending": false,
                "code": "cy.get('[data-method=\"delete\"]').click();\ncy.url().should('not.contain', '/schools/1');\ncy.get('#educator_email').should('be.visible');\ncy.get('#educator_password').should('be.visible');\ncy.get('[type=\"submit\"][name=\"commit\"]').should('be.visible');",
                "err": {},
                "isRoot": false,
                "uuid": "194fd37b-c9f6-478d-b9db-8d41a162745c",
                "isHook": false,
                "skipped": false
              },
              {
                "title": "can learn how many homerooms there are for every grade",
                "fullTitle": "Student Insights A Principal can learn how many homerooms there are for every grade",
                "duration": 10825,
                "state": "passed",
                "speed": "slow",
                "pass": true,
                "fail": false,
                "pending": false,
                "code": "cy.get('div.FixedTable.panel').contains('Grade').next().children('tbody').children('tr').each(function ($el) {\n  // Loop through all the Grade filter options\n  cy.wrap($el).click();\n  cy.get('div.FixedTable.panel').contains('Homeroom').then(function ($homeroom) {\n    if ($homeroom.siblings().find('div').length) {\n      $homeroom.siblings().find('div').click(); // Click 'Show all' link if it exists\n    }\n    cy.get('div.FixedTable.panel').contains('Homeroom').next().children('tbody').children('tr').should('have.length.greaterThan', 0);\n  }); // Clear filters after viewing distribution\n  cy.get('div.summary a').contains('Clear').click();\n});",
                "err": {},
                "isRoot": false,
                "uuid": "759b6353-eb42-4422-bf13-5af743831fda",
                "isHook": false,
                "skipped": false
              },
              {
                "title": "can check if children eligible for free lunch are evenly distributed among homerooms for each grade",
                "fullTitle": "Student Insights A Principal can check if children eligible for free lunch are evenly distributed among homerooms for each grade",
                "duration": 11003,
                "state": "passed",
                "speed": "slow",
                "pass": true,
                "fail": false,
                "pending": false,
                "code": "cy.get('div.FixedTable.panel').contains('Grade').next().children('tbody').children('tr').each(function ($el) {\n  // Loop through all the Grade filter options\n  cy.wrap($el).click();\n  cy.get('div.FixedTable.panel').contains('Homeroom').then(function ($homeroom) {\n    // But check distribution only for grades with more than one homeroom\n    if ($homeroom.next().children('tbody').children('tr').length > 1) {\n      // See homeroom distribution, first without free lunch filter\n      cy.get('div.FixedTable.panel').contains('Homeroom').next().children('tbody').children('tr').each(function ($el) {\n        console.log($el.text());\n      }); // Then see homeroom distribution again, this time with free lunch filter\n      cy.get('div.FixedTable.panel').contains('Low Income').next().children('tbody').children('tr').contains('Free Lunch').click();\n      cy.get('div.FixedTable.panel').contains('Homeroom').next().children('tbody').children('tr').each(function ($el) {\n        console.log($el.text());\n      });\n    }\n  }); // Clear filters after viewing distribution\n  cy.get('div.summary a').contains('Clear').click();\n});",
                "err": {},
                "isRoot": false,
                "uuid": "650b642d-639c-481f-bb85-33313bd65b93",
                "isHook": false,
                "skipped": false
              },
              {
                "title": "can check if children are well distributed with respect to their English fluency",
                "fullTitle": "Student Insights A Principal can check if children are well distributed with respect to their English fluency",
                "duration": 12049,
                "state": "passed",
                "speed": "slow",
                "pass": true,
                "fail": false,
                "pending": false,
                "code": "cy.get('div.FixedTable.panel').contains('Grade').next().children('tbody').children('tr').each(function ($el) {\n  // Loop through all the Grade filter options\n  cy.wrap($el).click();\n  cy.get('div.FixedTable.panel').contains('Homeroom').then(function ($homeroom) {\n    // But check distribution only for grades with more than one homeroom\n    if ($homeroom.next().children('tbody').children('tr').length > 1) {\n      // See homeroom distribution, first without fluent filter\n      cy.get('div.FixedTable.panel').contains('Homeroom').next().children('tbody').children('tr').each(function ($el) {\n        console.log($el.text());\n      }); // Then see homeroom distribution again, this time with fluent filter\n      cy.get('div.FixedTable.panel').contains('LEP').next().children('tbody').children('tr').contains('Fluent').click();\n      cy.get('div.FixedTable.panel').contains('Homeroom').next().children('tbody').children('tr').each(function ($el) {\n        console.log($el.text());\n      });\n    }\n  }); // Clear filters after viewing distribution\n  cy.get('div.summary a').contains('Clear').click();\n});",
                "err": {},
                "isRoot": false,
                "uuid": "4679111c-b268-4ee0-ade7-283bedb1c8dd",
                "isHook": false,
                "skipped": false
              },
              {
                "title": "can find the homeroom with the most children eligible for free lunch",
                "fullTitle": "Student Insights A Principal can find the homeroom with the most children eligible for free lunch",
                "duration": 11257,
                "state": "passed",
                "speed": "slow",
                "pass": true,
                "fail": false,
                "pending": false,
                "code": "cy.get('div.FixedTable.panel').contains('Homeroom').siblings('div').click();\ncy.get('div.FixedTable.panel').contains('Low Income').next().children('tbody').children('tr').contains('Free Lunch').click(); // See homeroom distribution\ncy.get('div.FixedTable.panel').contains('Homeroom').next().children('tbody').children('tr').each(function ($el) {\n  console.log($el.text()); // TODO: How to tell which homeroom has the most children eligibile for free lunch?\n});",
                "err": {},
                "isRoot": false,
                "uuid": "bab1d97d-4fdb-4efc-a9fe-f3647e37859b",
                "isHook": false,
                "skipped": false
              },
              {
                "title": "can download the data of children that didn’t do well in the MCAS ELA test",
                "fullTitle": "Student Insights A Principal can download the data of children that didn’t do well in the MCAS ELA test",
                "duration": 11421,
                "state": "passed",
                "speed": "slow",
                "pass": true,
                "fail": false,
                "pending": false,
                "code": "cy.get('div.FixedTable.panel').contains('MCAS ELA Score').next().children('tbody').children('tr').contains('None').click();\ncy.get('div.FixedTable.panel').contains('MCAS ELA Score').next().children('tbody').children('tr').contains('Warning').click();\ncy.get('div.FixedTable.panel').contains('MCAS ELA Score').next().children('tbody').children('tr').contains('Needs Improvement').click();\ncy.get('a').contains('Download for Excel').then(function ($el) {\n  var filename = $el.prop('download');\n  $el.click(); // TODO: How to tell if a file has been downloaded?\n  // cy.readFile('C:/Users/admin/Downloads/' + filename).should('exist') uses a relative path\n});",
                "err": {},
                "isRoot": false,
                "uuid": "d9bb828b-725e-4de0-884a-851e8359f16f",
                "isHook": false,
                "skipped": false
              },
              {
                "title": "can learn more about children with disabilities",
                "fullTitle": "Student Insights A Principal can learn more about children with disabilities",
                "duration": 45148,
                "state": "passed",
                "speed": "slow",
                "pass": true,
                "fail": false,
                "pending": false,
                "code": "cy.get('div.FixedTable.panel').contains('Disability').next().children('tbody').children('tr').each(function ($disability) {\n  // Loop through all the Disability filter options\n  // But do not select the 'None' disability filter\n  if (!$disability.text().includes('None')) {\n    $disability.click();\n  }\n}); // View each student profile\ncy.get('table.students-table tr td:first-child a').each(function ($student) {\n  cy.visit($student.prop('href'));\n  cy.url().should('contain', '/students');\n});",
                "err": {},
                "isRoot": false,
                "uuid": "1eec32e7-239f-4859-b8ce-01eb060922c2",
                "isHook": false,
                "skipped": false
              },
              {
                "title": "can find the student with the most absences",
                "fullTitle": "Student Insights A Principal can find the student with the most absences",
                "duration": 9632,
                "state": "passed",
                "speed": "slow",
                "pass": true,
                "fail": false,
                "pending": false,
                "code": "cy.get('div.summary a').should('contain', 'No filters');\ncy.get('table.students-table th').contains('Absences').click().click();\ncy.get('table.students-table tr:first-child td:first-child').click();\ncy.url().should('contain', '/students');",
                "err": {},
                "isRoot": false,
                "uuid": "b611e9ee-c16b-485b-9a59-17c61264344c",
                "isHook": false,
                "skipped": false
              },
              {
                "title": "can record a student’s medical condition in a Restricted Note",
                "fullTitle": "Student Insights A Principal can record a student’s medical condition in a Restricted Note",
                "duration": 16019,
                "state": "passed",
                "speed": "slow",
                "pass": true,
                "fail": false,
                "pending": false,
                "code": "cy.get('table.students-table tr:first-child td:first-child').click();\ncy.get('a.btn.btn-warning').contains('Restricted Notes').click();\ncy.get('button.btn.take-notes').click();\ncy.get('textarea').type('This student has a serious medical condition.');\ncy.get('button.btn.note-type').contains('Parent conversation').click();\ncy.get('button.btn.save').click();\ncy.get('textarea').should('not.be.visible');\ncy.get('button.btn.save').should('not.be.visible');\ncy.get('div.NoteCard:first-child').should('contain', 'Parent conversation');\ncy.get('div.NoteCard:first-child').should('contain', 'This student has a serious medical condition.');",
                "err": {},
                "isRoot": false,
                "uuid": "aa114bb8-e7be-42e6-a25e-052d577f4231",
                "isHook": false,
                "skipped": false
              },
              {
                "title": "can learn more about Restricted Notes",
                "fullTitle": "Student Insights A Principal can learn more about Restricted Notes",
                "duration": 14950,
                "state": "passed",
                "speed": "slow",
                "pass": true,
                "fail": false,
                "pending": false,
                "code": "cy.get('table.students-table tr:first-child td:first-child').click();\ncy.get('a.btn.btn-warning').contains('Restricted Notes').click();\ncy.get('div').contains('what is this?').click();\ncy.get('div.modal-help').should('be.visible');\ncy.get('div').contains('(ESC)').click();\ncy.get('div.modal-help').should('not.be.visible');",
                "err": {},
                "isRoot": false,
                "uuid": "79ad16a3-fca8-4fb0-98db-e7008c93adb4",
                "isHook": false,
                "skipped": false
              },
              {
                "title": "can see a student’s Restricted notes",
                "fullTitle": "Student Insights A Principal can see a student’s Restricted notes",
                "duration": 15101,
                "state": "passed",
                "speed": "slow",
                "pass": true,
                "fail": false,
                "pending": false,
                "code": "cy.visit(this.urls.studentWithRestrictedNote);\ncy.get('a.btn.btn-warning').contains('Restricted Notes').click();\ncy.get('div.NoteCard:first-child').should('contain', 'Parent conversation');\ncy.get('div.NoteCard:first-child').should('contain', 'This student has a serious medical condition.');",
                "err": {},
                "isRoot": false,
                "uuid": "af4840b4-5877-44fc-8b80-b6f7e1de4607",
                "isHook": false,
                "skipped": false
              },
              {
                "title": "can look up a student by name",
                "fullTitle": "Student Insights A Principal can look up a student by name",
                "duration": 13826,
                "state": "passed",
                "speed": "slow",
                "pass": true,
                "fail": false,
                "pending": false,
                "code": "var studentName = 'Daisy Skywalker';\ncy.get('#student-searchbar').type(studentName.split(' ')[0]);\ncy.get('.ui-autocomplete.ui-front.ui-menu.ui-widget.ui-widget-content').contains(studentName).click();\ncy.get('div.StudentProfilePage a:first-child').should('contain', studentName);",
                "err": {},
                "isRoot": false,
                "uuid": "1b998e0e-7ba0-474d-8b80-f3116ef5398a",
                "isHook": false,
                "skipped": false
              }
            ],
            "suites": [],
            "passes": [
              "a1e1b70c-c87d-4c5e-b465-012b4dcd2fe3",
              "194fd37b-c9f6-478d-b9db-8d41a162745c",
              "759b6353-eb42-4422-bf13-5af743831fda",
              "650b642d-639c-481f-bb85-33313bd65b93",
              "4679111c-b268-4ee0-ade7-283bedb1c8dd",
              "bab1d97d-4fdb-4efc-a9fe-f3647e37859b",
              "d9bb828b-725e-4de0-884a-851e8359f16f",
              "1eec32e7-239f-4859-b8ce-01eb060922c2",
              "b611e9ee-c16b-485b-9a59-17c61264344c",
              "aa114bb8-e7be-42e6-a25e-052d577f4231",
              "79ad16a3-fca8-4fb0-98db-e7008c93adb4",
              "af4840b4-5877-44fc-8b80-b6f7e1de4607",
              "1b998e0e-7ba0-474d-8b80-f3116ef5398a"
            ],
            "failures": [],
            "pending": [],
            "skipped": [],
            "duration": 199231,
            "root": false,
            "rootEmpty": false,
            "_timeout": 2000
          },
          {
            "uuid": "934cd74f-d96b-4273-ad3c-54c92a17cbf2",
            "title": "A Classroom Teacher",
            "fullFile": "",
            "file": "",
            "beforeHooks": [],
            "afterHooks": [],
            "tests": [
              {
                "title": "can log in",
                "fullTitle": "Student Insights A Classroom Teacher can log in",
                "duration": 7958,
                "state": "passed",
                "speed": "slow",
                "pass": true,
                "fail": false,
                "pending": false,
                "code": "cy.url().should('contain', '/homerooms/hea-500');",
                "err": {},
                "isRoot": false,
                "uuid": "d9ee66dc-e848-4db3-9fe4-5e01f33cb2ca",
                "isHook": false,
                "skipped": false
              },
              {
                "title": "can log out",
                "fullTitle": "Student Insights A Classroom Teacher can log out",
                "duration": 10740,
                "state": "passed",
                "speed": "slow",
                "pass": true,
                "fail": false,
                "pending": false,
                "code": "cy.get('[data-method=\"delete\"]').click();\ncy.url().should('not.contain', '/schools/1');\ncy.get('#educator_email').should('be.visible');\ncy.get('#educator_password').should('be.visible');\ncy.get('[type=\"submit\"][name=\"commit\"]').should('be.visible');",
                "err": {},
                "isRoot": false,
                "uuid": "27cd06de-2d88-4066-98d2-de8bbb759a1b",
                "isHook": false,
                "skipped": false
              },
              {
                "title": "don’t have access to the school’s roster at /schools/1",
                "fullTitle": "Student Insights A Classroom Teacher don’t have access to the school’s roster at /schools/1",
                "duration": 11161,
                "state": "passed",
                "speed": "slow",
                "pass": true,
                "fail": false,
                "pending": false,
                "code": "cy.visit(this.urls.home.schools + \"1\");\ncy.url().should('contain', '/homerooms/hea-500'); // Redirects back to homerooms page",
                "err": {},
                "isRoot": false,
                "uuid": "15e225a9-0993-4532-be35-284e8596157f",
                "isHook": false,
                "skipped": false
              },
              {
                "title": "can easily switch between the homerooms I am responsible for",
                "fullTitle": "Student Insights A Classroom Teacher can easily switch between the homerooms I am responsible for",
                "duration": 13259,
                "state": "passed",
                "speed": "slow",
                "pass": true,
                "fail": false,
                "pending": false,
                "code": "cy.get('#homeroom-select').should('have.value', 'hea-500'); // Switch to HEA-501\ncy.get('#homeroom-select').select('hea-501', {\n  force: true\n});\ncy.get('#homeroom-select').should('have.value', 'hea-501');\ncy.url().should('contain', '/homerooms/hea-501'); // Switch back to HEA-500\ncy.get('#homeroom-select').select('hea-500', {\n  force: true\n});\ncy.get('#homeroom-select').should('have.value', 'hea-500');\ncy.url().should('contain', '/homerooms/hea-500');",
                "err": {},
                "isRoot": false,
                "uuid": "ebf25dce-2a6e-4e4d-9fb8-b98e6424524d",
                "isHook": false,
                "skipped": false
              },
              {
                "title": "don’t have access to restricted notes",
                "fullTitle": "Student Insights A Classroom Teacher don’t have access to restricted notes",
                "duration": 11597,
                "state": "passed",
                "speed": "slow",
                "pass": true,
                "fail": false,
                "pending": false,
                "code": "cy.visit(this.urls.studentWithRestrictedNote);\ncy.url().should('contain', '/not_authorized'); // Redirects to a non_authorized page\ncy.get('div.info-area').should('contain', \"You don't have the correct authorization for this page.\").and('contain', \"Please check with the principal or school secretary if you feel this is incorrect.\");",
                "err": {},
                "isRoot": false,
                "uuid": "33eeabd8-54ec-4e8f-b06e-11bf0d8cc5e0",
                "isHook": false,
                "skipped": false
              },
              {
                "title": "can customize which columns are visible in my homerooms’ rosters views",
                "fullTitle": "Student Insights A Classroom Teacher can customize which columns are visible in my homerooms’ rosters views",
                "duration": 17124,
                "state": "failed",
                "pass": false,
                "fail": true,
                "pending": false,
                "code": "cy.get('#column-picker-toggle').click();\ncy.get('input[type=\"checkbox\"][name=\"name\"]').uncheck();\ncy.get('span').contains('Name').should('not.be.visible');\ncy.get('input[type=\"checkbox\"][name=\"risk\"]').uncheck();\ncy.get('span').contains('Risk').should('not.be.visible');\ncy.get('input[type=\"checkbox\"][name=\"program\"]').uncheck();\ncy.get('span').contains('Program Assigned').should('not.be.visible');\ncy.get('input[type=\"checkbox\"][name=\"language\"]').uncheck();\ncy.get('p').contains('Language').should('not.be.visible');\ncy.get('input[type=\"checkbox\"][name=\"free-reduced\"]').uncheck();\ncy.get('span').contains('Free/Reduced Lunch').should('not.be.visible');\ncy.get('input[type=\"checkbox\"][name=\"star_math\"]').uncheck();\ncy.get('p').contains('STAR: Math').should('not.be.visible');\ncy.get('input[type=\"checkbox\"][name=\"star_reading\"]').uncheck();\ncy.get('p').contains('STAR: Reading').should('not.be.visible');\ncy.get('input[type=\"checkbox\"][name=\"mcas_math\"]').uncheck();\ncy.get('p').contains('MCAS: Math').should('not.be.visible');\ncy.get('input[type=\"checkbox\"][name=\"name\"]').check();\ncy.get('span').contains('Name').should('be.visible');\ncy.get('input[type=\"checkbox\"][name=\"name\"]').uncheck();\ncy.get('input[type=\"checkbox\"][name=\"risk\"]').check();\ncy.get('span').contains('Risk').should('be.visible');\ncy.get('input[type=\"checkbox\"][name=\"risk\"]').uncheck();\ncy.get('input[type=\"checkbox\"][name=\"program\"]').check();\ncy.get('span').contains('Program Assigned').should('be.visible');\ncy.get('input[type=\"checkbox\"][name=\"program\"]').uncheck();\ncy.get('input[type=\"checkbox\"][name=\"language\"]').check();\ncy.get('p').contains('Language').should('be.visible');\ncy.get('input[type=\"checkbox\"][name=\"language\"]').uncheck();\ncy.get('input[type=\"checkbox\"][name=\"free-reduced\"]').check();\ncy.get('span').contains('Free/Reduced Lunch').should('be.visible');\ncy.get('input[type=\"checkbox\"][name=\"free-reduced\"]').uncheck();\ncy.get('input[type=\"checkbox\"][name=\"star_math\"]').check();\ncy.get('p').contains('STAR: Math').should('be.visible');\ncy.get('input[type=\"checkbox\"][name=\"star_math\"]').uncheck();\ncy.get('input[type=\"checkbox\"][name=\"star_reading\"]').check();\ncy.get('p').contains('STAR: Reading').should('be.visible');\ncy.get('input[type=\"checkbox\"][name=\"star_reading\"]').uncheck();\ncy.get('input[type=\"checkbox\"][name=\"mcas_math\"]').check();\ncy.get('p').contains('MCAS: Math').should('be.visible');\ncy.get('input[type=\"checkbox\"][name=\"mcas_math\"]').uncheck();\ncy.get('input[type=\"checkbox\"][name=\"sped\"]').uncheck(); // Bug in unchecking SPED & Disability\ncy.get('p').contains('SPED & Disability').should('not.be.visible');\ncy.get('input[type=\"checkbox\"][name=\"sped\"]').check();\ncy.get('p').contains('SPED & Disability').should('be.visible');",
                "err": {
                  "message": "CypressError: Timed out retrying: expected '<p.smalltype>' not to be 'visible'",
                  "estack": "CypressError: Timed out retrying: expected '<p.smalltype>' not to be 'visible'\n    at Object.cypressErr (https://studentinsights-test.analyticsfire.com/__cypress/runner/cypress_runner.js:68154:11)\n    at Object.throwErr (https://studentinsights-test.analyticsfire.com/__cypress/runner/cypress_runner.js:68119:18)\n    at Object.throwErrByPath (https://studentinsights-test.analyticsfire.com/__cypress/runner/cypress_runner.js:68146:17)\n    at retry (https://studentinsights-test.analyticsfire.com/__cypress/runner/cypress_runner.js:61899:16)\n    at https://studentinsights-test.analyticsfire.com/__cypress/runner/cypress_runner.js:54017:18\n    at tryCatcher (https://studentinsights-test.analyticsfire.com/__cypress/runner/cypress_runner.js:7091:23)\n    at Promise._settlePromiseFromHandler (https://studentinsights-test.analyticsfire.com/__cypress/runner/cypress_runner.js:5113:31)\n    at Promise._settlePromise (https://studentinsights-test.analyticsfire.com/__cypress/runner/cypress_runner.js:5170:18)\n    at Promise._settlePromise0 (https://studentinsights-test.analyticsfire.com/__cypress/runner/cypress_runner.js:5215:10)\n    at Promise._settlePromises (https://studentinsights-test.analyticsfire.com/__cypress/runner/cypress_runner.js:5290:18)\n    at Async._drainQueue (https://studentinsights-test.analyticsfire.com/__cypress/runner/cypress_runner.js:2023:16)\n    at Async._drainQueues (https://studentinsights-test.analyticsfire.com/__cypress/runner/cypress_runner.js:2033:10)\n    at Async.drainQueues (https://studentinsights-test.analyticsfire.com/__cypress/runner/cypress_runner.js:1907:14)\n    at <anonymous>"
                },
                "isRoot": false,
                "uuid": "87dcd642-49e9-4a67-9c3d-48c49d51bc58",
                "isHook": false,
                "skipped": false
              },
              {
                "title": "can record a Reading Intervention",
                "fullTitle": "Student Insights A Classroom Teacher can record a Reading Intervention",
                "duration": 17255,
                "state": "passed",
                "speed": "slow",
                "pass": true,
                "fail": false,
                "pending": false,
                "code": "cy.get('tr.student-row:first-child td:first-child').click();\ncy.url().should('contain', '/students');\ncy.get('div.interventions-column').click();\ncy.get('button.btn.record-service').click();\ncy.get('button.btn.service-type').contains('Reading intervention').click();\ncy.get('input.ProvidedByEducatorDropdown').click();\ncy.get('input.ProvidedByEducatorDropdown').type('Doe, Jane');\ncy.get('input.datepicker.hasDatepicker').click();\ncy.get('span.ui-icon.ui-icon-circle-triangle-w').click();\ncy.get('a.ui-state-default').contains((0, _moment.default)().format('D')).click();\ncy.get('button').contains('Record service').click();\ncy.get('input.ProvidedByEducatorDropdown').should('not.be.visible');\ncy.get('input.datepicker.hasDatepicker').should('not.be.visible');\ncy.get('div.ServicesList div:first-child').should('contain', 'Reading intervention').and('contain', 'With Doe, Jane').and('contain', 'a month');\ncy.get('div.ServicesList div:first-child button').contains('Discontinue').should('be.visible');",
                "err": {},
                "isRoot": false,
                "uuid": "a701de61-9601-40cd-9c9b-2d207005c1e0",
                "isHook": false,
                "skipped": false
              },
              {
                "title": "can discontinue a Reading Intervention",
                "fullTitle": "Student Insights A Classroom Teacher can discontinue a Reading Intervention",
                "duration": 12661,
                "state": "passed",
                "speed": "slow",
                "pass": true,
                "fail": false,
                "pending": false,
                "code": "cy.visit(this.urls.studentWithReadingIntervention);\ncy.get('div.ServicesList div:first-child button').contains('Discontinue').click();\ncy.get('div.ServicesList div:first-child button').contains('Confirm').click();\ncy.get('div.ServicesList div:first-child button').contains('Discontinue').should('not.be.visible');\ncy.get('div.ServicesList div:first-child').should('contain', 'Reading intervention').and('contain', 'With Doe, Jane').and('contain', 'a month').and('contain', 'Discontinued');",
                "err": {},
                "isRoot": false,
                "uuid": "5a71861b-789f-47d6-b4d3-50c18cfef3b7",
                "isHook": false,
                "skipped": false
              },
              {
                "title": "can look up a student by name",
                "fullTitle": "Student Insights A Classroom Teacher can look up a student by name",
                "duration": 12847,
                "state": "failed",
                "pass": false,
                "fail": true,
                "pending": false,
                "code": "cy.get('tr.student-row:first-child td.name:first-child a').then(function ($el) {\n  var studentName = $el.text().trim();\n  cy.get('#student-searchbar').click();\n  cy.get('#student-searchbar').type(studentName);\n  cy.get('.ui-autocomplete.ui-front.ui-menu.ui-widget.ui-widget-content').should('contain', studentName);\n  cy.get('.ui-autocomplete.ui-front.ui-menu.ui-widget.ui-widget-content').contains(studentName).click();\n  cy.url().should('contain', '/students');\n});",
                "err": {
                  "message": "CypressError: Timed out retrying: expected '<ul#ui-id-1.ui-autocomplete.ui-front.ui-menu.ui-widget.ui-widget-content>' to contain 'Elsa Duck'",
                  "estack": "CypressError: Timed out retrying: expected '<ul#ui-id-1.ui-autocomplete.ui-front.ui-menu.ui-widget.ui-widget-content>' to contain 'Elsa Duck'\n    at Object.cypressErr (https://studentinsights-test.analyticsfire.com/__cypress/runner/cypress_runner.js:68154:11)\n    at Object.throwErr (https://studentinsights-test.analyticsfire.com/__cypress/runner/cypress_runner.js:68119:18)\n    at Object.throwErrByPath (https://studentinsights-test.analyticsfire.com/__cypress/runner/cypress_runner.js:68146:17)\n    at retry (https://studentinsights-test.analyticsfire.com/__cypress/runner/cypress_runner.js:61899:16)\n    at https://studentinsights-test.analyticsfire.com/__cypress/runner/cypress_runner.js:54017:18\n    at tryCatcher (https://studentinsights-test.analyticsfire.com/__cypress/runner/cypress_runner.js:7091:23)\n    at Promise._settlePromiseFromHandler (https://studentinsights-test.analyticsfire.com/__cypress/runner/cypress_runner.js:5113:31)\n    at Promise._settlePromise (https://studentinsights-test.analyticsfire.com/__cypress/runner/cypress_runner.js:5170:18)\n    at Promise._settlePromise0 (https://studentinsights-test.analyticsfire.com/__cypress/runner/cypress_runner.js:5215:10)\n    at Promise._settlePromises (https://studentinsights-test.analyticsfire.com/__cypress/runner/cypress_runner.js:5290:18)\n    at Async._drainQueue (https://studentinsights-test.analyticsfire.com/__cypress/runner/cypress_runner.js:2023:16)\n    at Async._drainQueues (https://studentinsights-test.analyticsfire.com/__cypress/runner/cypress_runner.js:2033:10)\n    at Async.drainQueues (https://studentinsights-test.analyticsfire.com/__cypress/runner/cypress_runner.js:1907:14)\n    at <anonymous>"
                },
                "isRoot": false,
                "uuid": "d72d4cb2-7ab3-4d95-ad21-2e88e4ea64b8",
                "isHook": false,
                "skipped": false
              }
            ],
            "suites": [],
            "passes": [
              "d9ee66dc-e848-4db3-9fe4-5e01f33cb2ca",
              "27cd06de-2d88-4066-98d2-de8bbb759a1b",
              "15e225a9-0993-4532-be35-284e8596157f",
              "ebf25dce-2a6e-4e4d-9fb8-b98e6424524d",
              "33eeabd8-54ec-4e8f-b06e-11bf0d8cc5e0",
              "a701de61-9601-40cd-9c9b-2d207005c1e0",
              "5a71861b-789f-47d6-b4d3-50c18cfef3b7"
            ],
            "failures": [
              "87dcd642-49e9-4a67-9c3d-48c49d51bc58",
              "d72d4cb2-7ab3-4d95-ad21-2e88e4ea64b8"
            ],
            "pending": [],
            "skipped": [],
            "duration": 114602,
            "root": false,
            "rootEmpty": false,
            "_timeout": 2000
          }
        ],
        "passes": [],
        "failures": [],
        "pending": [],
        "skipped": [],
        "duration": 0,
        "root": false,
        "rootEmpty": false,
        "_timeout": 2000
      }
    ],
    "passes": [],
    "failures": [],
    "pending": [],
    "skipped": [],
    "duration": 0,
    "root": true,
    "rootEmpty": true,
    "_timeout": 2000
  },
  "copyrightYear": 2018
}